[Mon Feb 13 11:02:47.578 2012] [ 7416] accepting connections
[Mon Feb 13 11:44:08.695 2012] [ 7416] caught SIGTERM, shutting down
[Mon Feb 13 11:44:08.695 2012] [ 7416] shutdown complete
[Tue Feb 14 23:43:24.110 2012] [22457] accepting connections
[Fri Feb 17 13:18:08.952 2012] [29594] accepting connections
[Fri Feb 17 13:18:26.773 2012] [29594] caught SIGTERM, shutting down
[Fri Feb 17 13:18:26.774 2012] [29594] shutdown complete
[Fri Feb 17 13:18:27.112 2012] [29616] accepting connections
[Fri Feb 17 14:44:12.637 2012] [29616] rotating indices (seamless=1)
[Fri Feb 17 14:44:12.641 2012] [29616] rotating index 'user_core': success
[Fri Feb 17 14:44:12.645 2012] [29616] rotating index 'post_core': success
[Fri Feb 17 14:44:12.648 2012] [29616] rotating index 'movie_core': success
[Fri Feb 17 14:44:12.651 2012] [29616] rotating index 'folio_core': success
[Fri Feb 17 14:44:12.651 2012] [29616] rotating finished
[Fri Feb 17 21:43:14.816 2012] [29616] caught SIGTERM, shutting down
[Fri Feb 17 21:43:14.817 2012] [29616] shutdown complete
[Fri Feb 17 21:43:15.225 2012] [30393] accepting connections
[Tue Feb 21 10:04:22.091 2012] [30393] caught SIGTERM, shutting down
[Tue Feb 21 10:04:22.321 2012] [30393] shutdown complete
[Wed Feb 22 23:01:40.134 2012] [ 3737] accepting connections
[Sun Feb 26 00:10:52.892 2012] [25156] accepting connections
